<?xml version="1.0" encoding="UTF-8"?>
<!-- Generated by org.testng.reporters.JUnitXMLReporter -->
<testsuite hostname="WIN-9CSDHDN9FSR" name="FirstSmoke" tests="1" failures="1" timestamp="29 Jan 2020 21:41:58 GMT" time="14.737" errors="0">
  <testcase name="verifyFirstPage" time="0.015" classname="test.DemoTest">
    <failure type="java.lang.NullPointerException">
      <![CDATA[java.lang.NullPointerException
	at org.openqa.selenium.support.pagefactory.DefaultElementLocator.findElement(DefaultElementLocator.java:69)
	at org.openqa.selenium.support.pagefactory.internal.LocatingElementHandler.invoke(LocatingElementHandler.java:38)
	at com.sun.proxy.$Proxy8.getText(Unknown Source)
	at page.Demo.getPageTitle(Demo.java:25)
	at test.DemoTest.verifyFirstPage(DemoTest.java:33)
... Removed 24 stack frames]]>
    </failure>
  </testcase> <!-- verifyFirstPage -->
</testsuite> <!-- FirstSmoke -->
