<?xml version="1.0" encoding="UTF-8"?>
<testng-results skipped="0" failed="0" ignored="0" total="1" passed="1">
  <reporter-output>
  </reporter-output>
  <suite name="Default suite" duration-ms="114510" started-at="2020-01-15T06:41:29Z" finished-at="2020-01-15T06:43:24Z">
    <groups>
    </groups>
    <test name="Default test" duration-ms="114510" started-at="2020-01-15T06:41:29Z" finished-at="2020-01-15T06:43:24Z">
      <class name="com.prosmart.actionitems.jan16.CNN">
        <test-method status="PASS" signature="OpenBrowser()[pri:0, instance:com.prosmart.actionitems.jan16.CNN@39aeed2f]" name="OpenBrowser" is-config="true" duration-ms="97509" started-at="2020-01-15T06:41:29Z" finished-at="2020-01-15T06:43:07Z">
          <reporter-output>
          </reporter-output>
        </test-method> <!-- OpenBrowser -->
        <test-method status="PASS" signature="Inputs()[pri:0, instance:com.prosmart.actionitems.jan16.CNN@39aeed2f]" name="Inputs" duration-ms="5545" started-at="2020-01-15T06:43:17Z" finished-at="2020-01-15T06:43:22Z">
          <reporter-output>
          </reporter-output>
        </test-method> <!-- Inputs -->
        <test-method status="PASS" signature="CloseBrowser()[pri:0, instance:com.prosmart.actionitems.jan16.CNN@39aeed2f]" name="CloseBrowser" is-config="true" duration-ms="1111" started-at="2020-01-15T06:43:23Z" finished-at="2020-01-15T06:43:24Z">
          <reporter-output>
          </reporter-output>
        </test-method> <!-- CloseBrowser -->
      </class> <!-- com.prosmart.actionitems.jan16.CNN -->
    </test> <!-- Default test -->
  </suite> <!-- Default suite -->
</testng-results>
